#
# There is insufficient memory for the Java Runtime Environment to continue.
# Native memory allocation (mmap) failed to map 132120576 bytes for G1 virtual space
# Possible reasons:
#   The system is out of physical RAM or swap space
#   The process is running with CompressedOops enabled, and the Java Heap may be blocking the growth of the native heap
# Possible solutions:
#   Reduce memory load on the system
#   Increase physical memory or swap space
#   Check if swap backing store is full
#   Decrease Java heap size (-Xmx/-Xms)
#   Decrease number of Java threads
#   Decrease Java thread stack sizes (-Xss)
#   Set larger code cache with -XX:ReservedCodeCacheSize=
#   JVM is running with Unscaled Compressed Oops mode in which the Java heap is
#     placed in the first 4GB address space. The Java Heap base address is the
#     maximum limit for the native heap growth. Please use -XX:HeapBaseMinAddress
#     to set the Java Heap base and to place the Java Heap above 4GB virtual address.
# This output file may be truncated or incomplete.
#
#  Out of Memory Error (os_windows.cpp:3771), pid=21888, tid=4124
#
# JRE version:  (17.0.7) (build )
# Java VM: OpenJDK 64-Bit Server VM (17.0.7+0-b2043.56-10550314, mixed mode, sharing, tiered, compressed oops, compressed class ptrs, g1 gc, windows-amd64)
# No core dump will be written. Minidumps are not enabled by default on client versions of Windows
#

---------------  S U M M A R Y ------------

Command Line: -Dorg.gradle.appname=gradlew org.gradle.wrapper.GradleWrapperMain -q -Ptarget-platform=android-x64 -Ptarget=D:\applicationproject\lib\main.dart -Pbase-application-name=android.app.Application -Pdart-defines=Zmx1dHRlci5pbnNwZWN0b3Iuc3RydWN0dXJlZEVycm9ycz10cnVl -Pdart-obfuscation=false -Ptrack-widget-creation=true -Ptree-shake-icons=false -Pfilesystem-scheme=org-dartlang-root assembleDebug

Host: 11th Gen Intel(R) Core(TM) i5-1135G7 @ 2.40GHz, 8 cores, 7G,  Windows 11 , 64 bit Build 22621 (10.0.22621.4391)
Time: Wed Jan 15 18:00:08 2025 SE Asia Standard Time elapsed time: 0.015342 seconds (0d 0h 0m 0s)

---------------  T H R E A D  ---------------

Current thread (0x00000187487228c0):  JavaThread "Unknown thread" [_thread_in_vm, id=4124, stack(0x0000000c9c200000,0x0000000c9c300000)]

Stack: [0x0000000c9c200000,0x0000000c9c300000]
Native frames: (J=compiled Java code, j=interpreted, Vv=VM code, C=native code)
V  [jvm.dll+0x683bfa]
V  [jvm.dll+0x8430a4]
V  [jvm.dll+0x8449be]
V  [jvm.dll+0x845023]
V  [jvm.dll+0x24ad2f]
V  [jvm.dll+0x680ac9]
V  [jvm.dll+0x67519a]
V  [jvm.dll+0x30b3cb]
V  [jvm.dll+0x312876]
V  [jvm.dll+0x36221e]
V  [jvm.dll+0x36244f]
V  [jvm.dll+0x2e14a8]
V  [jvm.dll+0x2e2414]
V  [jvm.dll+0x814391]
V  [jvm.dll+0x36ffe1]
V  [jvm.dll+0x7f396c]
V  [jvm.dll+0x3f305f]
V  [jvm.dll+0x3f4b91]
C  [jli.dll+0x528f]
C  [ucrtbase.dll+0x29333]
C  [KERNEL32.DLL+0x1259d]
C  [ntdll.dll+0x5af38]


---------------  P R O C E S S  ---------------

Threads class SMR info:
_java_thread_list=0x00007ff98813d098, length=0, elements={
}

Java Threads: ( => current thread )

Other Threads:
  0x000001874877c2b0 GCTaskThread "GC Thread#0" [stack: 0x0000000c9c300000,0x0000000c9c400000] [id=9932]
  0x000001874878cbb0 ConcurrentGCThread "G1 Main Marker" [stack: 0x0000000c9c400000,0x0000000c9c500000] [id=9424]
  0x000001874878dd60 ConcurrentGCThread "G1 Conc#0" [stack: 0x0000000c9c500000,0x0000000c9c600000] [id=22408]

[error occurred during error reporting (printing all threads), id 0xc0000005, EXCEPTION_ACCESS_VIOLATION (0xc0000005) at pc=0x00007ff9878f2087]

VM state: not at safepoint (not fully initialized)

VM Mutex/Monitor currently owned by a thread:  ([mutex/lock_event])
[0x000001874871d820] Heap_lock - owner thread: 0x00000187487228c0

Heap address: 0x0000000083200000, size: 1998 MB, Compressed Oops mode: 32-bit

CDS archive(s) mapped at: [0x0000000000000000-0x0000000000000000-0x0000000000000000), size 0, SharedBaseAddress: 0x0000000800000000, ArchiveRelocationMode: 0.
Narrow klass base: 0x0000000000000000, Narrow klass shift: 0, Narrow klass range: 0x0

GC Precious Log:
<Empty>

Heap:
 garbage-first heap   total 0K, used 0K [0x0000000083200000, 0x0000000100000000)
  region size 1024K, 0 young (0K), 0 survivors (0K)
 Metaspace       used 0K, committed 0K, reserved 0K
  class space    used 0K, committed 0K, reserved 0K

Heap Regions: E=young(eden), S=young(survivor), O=old, HS=humongous(starts), HC=humongous(continues), CS=collection set, F=free, OA=open archive, CA=closed archive, TAMS=top-at-mark-start (previous, next)

Card table byte_map: [0x000001875b310000,0x000001875b700000] _byte_map_base: 0x000001875aef7000

Marking Bits (Prev, Next): (CMBitMap*) 0x000001874877c8c0, (CMBitMap*) 0x000001874877c900
 Prev Bits: [0x000001875baf0000, 0x000001875da28000)
 Next Bits: [0x000001875da30000, 0x000001875f968000)

GC Heap History (0 events):
No events

Dll operation events (1 events):
Event: 0.009 Loaded shared library C:\Program Files\Android\Android Studio\jbr\bin\java.dll

Deoptimization events (0 events):
No events

Classes unloaded (0 events):
No events

Classes redefined (0 events):
No events

Internal exceptions (0 events):
No events

VM Operations (0 events):
No events

Events (0 events):
No events


Dynamic libraries:
0x00007ff76faa0000 - 0x00007ff76faaa000 	C:\Program Files\Android\Android Studio\jbr\bin\java.exe
0x00007ffa16490000 - 0x00007ffa166a7000 	C:\WINDOWS\SYSTEM32\ntdll.dll
0x00007ffa147f0000 - 0x00007ffa148b4000 	C:\WINDOWS\System32\KERNEL32.DLL
0x00007ffa13880000 - 0x00007ffa13c3a000 	C:\WINDOWS\System32\KERNELBASE.dll
0x00007ffa13d20000 - 0x00007ffa13e31000 	C:\WINDOWS\System32\ucrtbase.dll
0x00007ff9af5a0000 - 0x00007ff9af5b7000 	C:\Program Files\Android\Android Studio\jbr\bin\jli.dll
0x00007ffa09620000 - 0x00007ffa0963b000 	C:\Program Files\Android\Android Studio\jbr\bin\VCRUNTIME140.dll
0x00007ffa14420000 - 0x00007ffa145ce000 	C:\WINDOWS\System32\USER32.dll
0x00007ffa13c40000 - 0x00007ffa13c66000 	C:\WINDOWS\System32\win32u.dll
0x00007ffa04020000 - 0x00007ffa042b2000 	C:\WINDOWS\WinSxS\amd64_microsoft.windows.common-controls_6595b64144ccf1df_6.0.22621.4541_none_2710d1c57384c085\COMCTL32.dll
0x00007ffa146d0000 - 0x00007ffa146f9000 	C:\WINDOWS\System32\GDI32.dll
0x00007ffa14fc0000 - 0x00007ffa15067000 	C:\WINDOWS\System32\msvcrt.dll
0x00007ffa13760000 - 0x00007ffa1387b000 	C:\WINDOWS\System32\gdi32full.dll
0x00007ffa13e40000 - 0x00007ffa13eda000 	C:\WINDOWS\System32\msvcp_win.dll
0x00007ffa15b30000 - 0x00007ffa15b61000 	C:\WINDOWS\System32\IMM32.DLL
0x00007ffa09710000 - 0x00007ffa0971c000 	C:\Program Files\Android\Android Studio\jbr\bin\vcruntime140_1.dll
0x00007ff9cbca0000 - 0x00007ff9cbd2d000 	C:\Program Files\Android\Android Studio\jbr\bin\msvcp140.dll
0x00007ff987600000 - 0x00007ff988280000 	C:\Program Files\Android\Android Studio\jbr\bin\server\jvm.dll
0x00007ffa14ee0000 - 0x00007ffa14f92000 	C:\WINDOWS\System32\ADVAPI32.dll
0x00007ffa15070000 - 0x00007ffa15117000 	C:\WINDOWS\System32\sechost.dll
0x00007ffa13cf0000 - 0x00007ffa13d18000 	C:\WINDOWS\System32\bcrypt.dll
0x00007ffa14190000 - 0x00007ffa142a4000 	C:\WINDOWS\System32\RPCRT4.dll
0x00007ff9f4220000 - 0x00007ff9f4229000 	C:\WINDOWS\SYSTEM32\WSOCK32.dll
0x00007ffa0ead0000 - 0x00007ffa0eb04000 	C:\WINDOWS\SYSTEM32\WINMM.dll
0x00007ffa0b010000 - 0x00007ffa0b01a000 	C:\WINDOWS\SYSTEM32\VERSION.dll
0x00007ffa16240000 - 0x00007ffa162b1000 	C:\WINDOWS\System32\WS2_32.dll
0x00007ffa127e0000 - 0x00007ffa127f8000 	C:\WINDOWS\SYSTEM32\kernel.appcore.dll
0x00007ff9afae0000 - 0x00007ff9afaea000 	C:\Program Files\Android\Android Studio\jbr\bin\jimage.dll
0x00007ffa102e0000 - 0x00007ffa10512000 	C:\WINDOWS\SYSTEM32\DBGHELP.DLL
0x00007ffa14a70000 - 0x00007ffa14dff000 	C:\WINDOWS\System32\combase.dll
0x00007ffa14e00000 - 0x00007ffa14ed7000 	C:\WINDOWS\System32\OLEAUT32.dll
0x00007ff9eb6c0000 - 0x00007ff9eb6f2000 	C:\WINDOWS\SYSTEM32\dbgcore.DLL
0x00007ffa13c70000 - 0x00007ffa13ceb000 	C:\WINDOWS\System32\bcryptPrimitives.dll
0x00007ff9afab0000 - 0x00007ff9afad5000 	C:\Program Files\Android\Android Studio\jbr\bin\java.dll

dbghelp: loaded successfully - version: 4.0.5 - missing functions: none
symbol engine: initialized successfully - sym options: 0x614 - pdb path: .;C:\Program Files\Android\Android Studio\jbr\bin;C:\WINDOWS\SYSTEM32;C:\WINDOWS\WinSxS\amd64_microsoft.windows.common-controls_6595b64144ccf1df_6.0.22621.4541_none_2710d1c57384c085;C:\Program Files\Android\Android Studio\jbr\bin\server

VM Arguments:
jvm_args: -Dorg.gradle.appname=gradlew 
java_command: org.gradle.wrapper.GradleWrapperMain -q -Ptarget-platform=android-x64 -Ptarget=D:\applicationproject\lib\main.dart -Pbase-application-name=android.app.Application -Pdart-defines=Zmx1dHRlci5pbnNwZWN0b3Iuc3RydWN0dXJlZEVycm9ycz10cnVl -Pdart-obfuscation=false -Ptrack-widget-creation=true -Ptree-shake-icons=false -Pfilesystem-scheme=org-dartlang-root assembleDebug
java_class_path (initial): D:\applicationproject\android\\gradle\wrapper\gradle-wrapper.jar
Launcher Type: SUN_STANDARD

[Global flags]
     intx CICompilerCount                          = 4                                         {product} {ergonomic}
     uint ConcGCThreads                            = 2                                         {product} {ergonomic}
     uint G1ConcRefinementThreads                  = 8                                         {product} {ergonomic}
   size_t G1HeapRegionSize                         = 1048576                                   {product} {ergonomic}
    uintx GCDrainStackTargetSize                   = 64                                        {product} {ergonomic}
   size_t InitialHeapSize                          = 132120576                                 {product} {ergonomic}
   size_t MarkStackSize                            = 4194304                                   {product} {ergonomic}
   size_t MaxHeapSize                              = 2095054848                                {product} {ergonomic}
   size_t MinHeapDeltaBytes                        = 1048576                                   {product} {ergonomic}
   size_t MinHeapSize                              = 8388608                                   {product} {ergonomic}
    uintx NonNMethodCodeHeapSize                   = 5839372                                {pd product} {ergonomic}
    uintx NonProfiledCodeHeapSize                  = 122909434                              {pd product} {ergonomic}
    uintx ProfiledCodeHeapSize                     = 122909434                              {pd product} {ergonomic}
    uintx ReservedCodeCacheSize                    = 251658240                              {pd product} {ergonomic}
     bool SegmentedCodeCache                       = true                                      {product} {ergonomic}
   size_t SoftMaxHeapSize                          = 2095054848                             {manageable} {ergonomic}
     bool UseCompressedClassPointers               = true                           {product lp64_product} {ergonomic}
     bool UseCompressedOops                        = true                           {product lp64_product} {ergonomic}
     bool UseG1GC                                  = true                                      {product} {ergonomic}
     bool UseLargePagesIndividualAllocation        = false                                  {pd product} {ergonomic}

Logging:
Log output configuration:
 #0: stdout all=warning uptime,level,tags
 #1: stderr all=off uptime,level,tags

Environment Variables:
JAVA_HOME=C:\Program Files\Android\Android Studio\jbr
CLASSPATH=D:\applicationproject\android\\gradle\wrapper\gradle-wrapper.jar
PATH=C:\Program Files\Android\Android Studio\jbr\bin;C:\Users\Public\platforms;C:\WINDOWS\system32;C:\WINDOWS;C:\WINDOWS\System32\Wbem;C:\WINDOWS\System32\WindowsPowerShell\v1.0\;C:\WINDOWS\System32\OpenSSH\;C:\Program Files\maven\apache-maven-3.9.6\bin;D:\flutter\bin;C:\Program Files\Docker\Docker\resources\bin;C:\Program Files\nodejs\;C:\Program Files\Java\jdk-23\bin;C:\dart-sdk\lib;C:\platform-tools;C:\Users\SWIFT 3 by Acer\AppData\Local\Programs\Python\Python312\Scripts\;C:\Users\SWIFT 3 by Acer\AppData\Local\Programs\Python\Python312\;C:\Users\SWIFT 3 by Acer\AppData\Local\Microsoft\WindowsApps;C:\Users\SWIFT 3 by Acer\AppData\Local\Programs\Microsoft VS Code\bin;C:\Users\SWIFT 3 by Acer\AppData\Local\GitHubDesktop\bin;C:\ProgramData\SWIFT 3 by Acer\GitHubDesktop\bin;C:\Users\SWIFT 3 by Acer\AppData\Roaming\npm;;D:\flutter\bin\mingit\cmd
USERNAME=SWIFT 3 by Acer
OS=Windows_NT
PROCESSOR_IDENTIFIER=Intel64 Family 6 Model 140 Stepping 1, GenuineIntel
TMP=C:\Users\SWIFT3~1\AppData\Local\Temp
TEMP=C:\Users\SWIFT3~1\AppData\Local\Temp


JNI global refs:
JNI global refs: 0, weak refs: 0

JNI global refs memory usage: 0, weak refs: 0

OOME stack traces (most recent first):
Classloader memory used:


---------------  S Y S T E M  ---------------

OS:
 Windows 11 , 64 bit Build 22621 (10.0.22621.4391)
OS uptime: 0 days 1:56 hours
Hyper-V role detected

CPU: total 8 (initial active 8) (4 cores per cpu, 2 threads per core) family 6 model 140 stepping 1 microcode 0x86, cx8, cmov, fxsr, ht, mmx, 3dnowpref, sse, sse2, sse3, ssse3, sse4.1, sse4.2, popcnt, lzcnt, tsc, tscinvbit, avx, avx2, aes, erms, clmul, bmi1, bmi2, adx, avx512f, avx512dq, avx512cd, avx512bw, avx512vl, sha, fma, vzeroupper, avx512_vpopcntdq, avx512_vpclmulqdq, avx512_vaes, avx512_vnni, clflush, clflushopt, clwb, avx512_vbmi2, avx512_vbmi, hv

Memory: 4k page, system-wide physical 7987M (520M free)
TotalPageFile size 20927M (AvailPageFile size 151M)
current process WorkingSet (physical memory assigned to process): 11M, peak: 11M
current process commit charge ("private bytes"): 60M, peak: 186M

vm_info: OpenJDK 64-Bit Server VM (17.0.7+0-b2043.56-10550314) for windows-amd64 JRE (17.0.7+0-b2043.56-10550314), built on Jul 24 2023 18:27:45 by "androidbuild" with MS VC++ 16.10 / 16.11 (VS2019)

END.
